<?xml version="1.0" encoding="UTF-8"?>
<robot generator="Robot 3.2.1 (Python 3.8.3 on win32)" generated="20200915 13:43:13.567" rpa="false">
<suite id="s1" name="Test" source="C:\iagoqa\robot\test.robot">
<test id="s1-t1" name="Deve retornar uma mensagem de boas vindas">
<kw name="Welcome" library="app">
<arguments>
<arg>Iago</arg>
</arguments>
<assign>
<var>${result}</var>
</assign>
<msg timestamp="20200915 13:43:13.612" level="INFO">${result} = Hello Iago, bem vindo ao Robot Framework!</msg>
<status status="PASS" starttime="20200915 13:43:13.612" endtime="20200915 13:43:13.612"></status>
</kw>
<kw name="Should Be Equal" library="BuiltIn">
<doc>Fails if the given objects are unequal.</doc>
<arguments>
<arg>${result}</arg>
<arg>Hello Iago, bem vindo ao Robot Framework!</arg>
</arguments>
<status status="PASS" starttime="20200915 13:43:13.613" endtime="20200915 13:43:13.613"></status>
</kw>
<status status="PASS" starttime="20200915 13:43:13.611" endtime="20200915 13:43:13.614" critical="yes"></status>
</test>
<status status="PASS" starttime="20200915 13:43:13.569" endtime="20200915 13:43:13.615"></status>
</suite>
<statistics>
<total>
<stat pass="1" fail="0">Critical Tests</stat>
<stat pass="1" fail="0">All Tests</stat>
</total>
<tag>
</tag>
<suite>
<stat pass="1" fail="0" id="s1" name="Test">Test</stat>
</suite>
</statistics>
<errors>
</errors>
</robot>
