<?xml version="1.0" encoding="UTF-8"?>
<robot generator="Robot 3.2.1 (Python 3.8.3 on win32)" generated="20200916 09:43:51.679" rpa="false">
<suite id="s1" name="Tests" source="C:\iagoqa\robot\web\tests">
<suite id="s1-s1" name="Checkbox" source="C:\iagoqa\robot\web\tests\checkbox.robot">
<test id="s1-s1-t1" name="Testing checkboxes with ids">
<kw name="Star Session" library="base" type="setup">
<kw name="Open Browser" library="SeleniumLibrary">
<doc>Opens a new browser instance to the optional ``url``.</doc>
<arguments>
<arg>${url}</arg>
<arg>chrome</arg>
</arguments>
<msg timestamp="20200916 09:43:52.057" level="INFO">Opening browser 'chrome' to base url 'https://training-wheels-protocol.herokuapp.com/'.</msg>
<status status="PASS" starttime="20200916 09:43:52.056" endtime="20200916 09:43:57.762"></status>
</kw>
<status status="PASS" starttime="20200916 09:43:52.055" endtime="20200916 09:43:57.763"></status>
</kw>
<kw name="Go To" library="SeleniumLibrary">
<doc>Navigates the current browser window to the provided ``url``.</doc>
<arguments>
<arg>${url}/checkboxes</arg>
</arguments>
<msg timestamp="20200916 09:43:57.764" level="INFO">Opening url 'https://training-wheels-protocol.herokuapp.com//checkboxes'</msg>
<status status="PASS" starttime="20200916 09:43:57.764" endtime="20200916 09:43:58.020"></status>
</kw>
<kw name="Select Checkbox" library="SeleniumLibrary">
<doc>Selects the checkbox identified by ``locator``.</doc>
<arguments>
<arg>${check_thor}</arg>
</arguments>
<msg timestamp="20200916 09:43:58.023" level="INFO">Selecting checkbox 'id:thor'.</msg>
<status status="PASS" starttime="20200916 09:43:58.022" endtime="20200916 09:43:58.117"></status>
</kw>
<kw name="Checkbox Should Be Selected" library="SeleniumLibrary">
<doc>Verifies checkbox ``locator`` is selected/checked.</doc>
<arguments>
<arg>${check_thor}</arg>
</arguments>
<msg timestamp="20200916 09:43:58.118" level="INFO">Verifying checkbox 'id:thor' is selected.</msg>
<status status="PASS" starttime="20200916 09:43:58.118" endtime="20200916 09:43:58.149"></status>
</kw>
<kw name="Sleep" library="BuiltIn">
<doc>Pauses the test executed for the given time.</doc>
<arguments>
<arg>3</arg>
</arguments>
<msg timestamp="20200916 09:44:01.150" level="INFO">Slept 3 seconds</msg>
<status status="PASS" starttime="20200916 09:43:58.150" endtime="20200916 09:44:01.150"></status>
</kw>
<kw name="End Session" library="base" type="teardown">
<kw name="Close Browser" library="SeleniumLibrary">
<doc>Closes the current browser.</doc>
<status status="PASS" starttime="20200916 09:44:01.151" endtime="20200916 09:44:03.268"></status>
</kw>
<status status="PASS" starttime="20200916 09:44:01.151" endtime="20200916 09:44:03.268"></status>
</kw>
<status status="PASS" starttime="20200916 09:43:52.051" endtime="20200916 09:44:03.270" critical="yes"></status>
</test>
<test id="s1-s1-t2" name="Testing checkboxes with CSS selectors">
<kw name="Star Session" library="base" type="setup">
<kw name="Open Browser" library="SeleniumLibrary">
<doc>Opens a new browser instance to the optional ``url``.</doc>
<arguments>
<arg>${url}</arg>
<arg>chrome</arg>
</arguments>
<msg timestamp="20200916 09:44:03.282" level="INFO">Opening browser 'chrome' to base url 'https://training-wheels-protocol.herokuapp.com/'.</msg>
<status status="PASS" starttime="20200916 09:44:03.281" endtime="20200916 09:44:08.771"></status>
</kw>
<status status="PASS" starttime="20200916 09:44:03.280" endtime="20200916 09:44:08.771"></status>
</kw>
<kw name="Go To" library="SeleniumLibrary">
<doc>Navigates the current browser window to the provided ``url``.</doc>
<arguments>
<arg>${url}/checkboxes</arg>
</arguments>
<msg timestamp="20200916 09:44:08.773" level="INFO">Opening url 'https://training-wheels-protocol.herokuapp.com//checkboxes'</msg>
<status status="PASS" starttime="20200916 09:44:08.773" endtime="20200916 09:44:09.032"></status>
</kw>
<kw name="Select Checkbox" library="SeleniumLibrary">
<doc>Selects the checkbox identified by ``locator``.</doc>
<arguments>
<arg>${check_iron}</arg>
</arguments>
<msg timestamp="20200916 09:44:09.033" level="INFO">Selecting checkbox 'css:input[value='iron-man']'.</msg>
<status status="PASS" starttime="20200916 09:44:09.032" endtime="20200916 09:44:09.120"></status>
</kw>
<kw name="Checkbox Should Be Selected" library="SeleniumLibrary">
<doc>Verifies checkbox ``locator`` is selected/checked.</doc>
<arguments>
<arg>${check_iron}</arg>
</arguments>
<msg timestamp="20200916 09:44:09.121" level="INFO">Verifying checkbox 'css:input[value='iron-man']' is selected.</msg>
<status status="PASS" starttime="20200916 09:44:09.120" endtime="20200916 09:44:09.148"></status>
</kw>
<kw name="Sleep" library="BuiltIn">
<doc>Pauses the test executed for the given time.</doc>
<arguments>
<arg>3</arg>
</arguments>
<msg timestamp="20200916 09:44:12.151" level="INFO">Slept 3 seconds</msg>
<status status="PASS" starttime="20200916 09:44:09.148" endtime="20200916 09:44:12.151"></status>
</kw>
<kw name="End Session" library="base" type="teardown">
<kw name="Close Browser" library="SeleniumLibrary">
<doc>Closes the current browser.</doc>
<status status="PASS" starttime="20200916 09:44:12.154" endtime="20200916 09:44:14.283"></status>
</kw>
<status status="PASS" starttime="20200916 09:44:12.153" endtime="20200916 09:44:14.283"></status>
</kw>
<tags>
<tag>ironman</tag>
</tags>
<status status="PASS" starttime="20200916 09:44:03.278" endtime="20200916 09:44:14.286" critical="yes"></status>
</test>
<test id="s1-s1-t3" name="Testing checkboxes with XPATH selectors">
<kw name="Star Session" library="base" type="setup">
<kw name="Open Browser" library="SeleniumLibrary">
<doc>Opens a new browser instance to the optional ``url``.</doc>
<arguments>
<arg>${url}</arg>
<arg>chrome</arg>
</arguments>
<msg timestamp="20200916 09:44:14.297" level="INFO">Opening browser 'chrome' to base url 'https://training-wheels-protocol.herokuapp.com/'.</msg>
<status status="PASS" starttime="20200916 09:44:14.297" endtime="20200916 09:44:19.919"></status>
</kw>
<status status="PASS" starttime="20200916 09:44:14.296" endtime="20200916 09:44:19.919"></status>
</kw>
<kw name="Go To" library="SeleniumLibrary">
<doc>Navigates the current browser window to the provided ``url``.</doc>
<arguments>
<arg>${url}/checkboxes</arg>
</arguments>
<msg timestamp="20200916 09:44:19.921" level="INFO">Opening url 'https://training-wheels-protocol.herokuapp.com//checkboxes'</msg>
<status status="PASS" starttime="20200916 09:44:19.921" endtime="20200916 09:44:20.260"></status>
</kw>
<kw name="Select Checkbox" library="SeleniumLibrary">
<doc>Selects the checkbox identified by ``locator``.</doc>
<arguments>
<arg>${check_panther}</arg>
</arguments>
<msg timestamp="20200916 09:44:20.261" level="INFO">Selecting checkbox 'xpath://*[@id='checkboxes']/input[7]'.</msg>
<status status="PASS" starttime="20200916 09:44:20.260" endtime="20200916 09:44:20.348"></status>
</kw>
<kw name="Checkbox Should Be Selected" library="SeleniumLibrary">
<doc>Verifies checkbox ``locator`` is selected/checked.</doc>
<arguments>
<arg>${check_panther}</arg>
</arguments>
<msg timestamp="20200916 09:44:20.349" level="INFO">Verifying checkbox 'xpath://*[@id='checkboxes']/input[7]' is selected.</msg>
<status status="PASS" starttime="20200916 09:44:20.349" endtime="20200916 09:44:20.377"></status>
</kw>
<kw name="Sleep" library="BuiltIn">
<doc>Pauses the test executed for the given time.</doc>
<arguments>
<arg>3</arg>
</arguments>
<msg timestamp="20200916 09:44:23.378" level="INFO">Slept 3 seconds</msg>
<status status="PASS" starttime="20200916 09:44:20.378" endtime="20200916 09:44:23.378"></status>
</kw>
<kw name="End Session" library="base" type="teardown">
<kw name="Close Browser" library="SeleniumLibrary">
<doc>Closes the current browser.</doc>
<status status="PASS" starttime="20200916 09:44:23.379" endtime="20200916 09:44:25.535"></status>
</kw>
<status status="PASS" starttime="20200916 09:44:23.379" endtime="20200916 09:44:25.536"></status>
</kw>
<tags>
<tag>black-panther</tag>
</tags>
<status status="PASS" starttime="20200916 09:44:14.294" endtime="20200916 09:44:25.537" critical="yes"></status>
</test>
<status status="PASS" starttime="20200916 09:43:51.729" endtime="20200916 09:44:25.548"></status>
</suite>
<suite id="s1-s2" name="Title" source="C:\iagoqa\robot\web\tests\title.robot">
<test id="s1-s2-t1" name="Should See Page Title">
<kw name="Star Session" library="base" type="setup">
<kw name="Open Browser" library="SeleniumLibrary">
<doc>Opens a new browser instance to the optional ``url``.</doc>
<arguments>
<arg>${url}</arg>
<arg>chrome</arg>
</arguments>
<msg timestamp="20200916 09:44:25.586" level="INFO">Opening browser 'chrome' to base url 'https://training-wheels-protocol.herokuapp.com/'.</msg>
<status status="PASS" starttime="20200916 09:44:25.586" endtime="20200916 09:44:31.060"></status>
</kw>
<status status="PASS" starttime="20200916 09:44:25.586" endtime="20200916 09:44:31.060"></status>
</kw>
<kw name="Title Should Be" library="SeleniumLibrary">
<doc>Verifies that the current page title equals ``title``.</doc>
<arguments>
<arg>Training Wheels Protocol</arg>
</arguments>
<msg timestamp="20200916 09:44:31.075" level="INFO">Page title is 'Training Wheels Protocol'.</msg>
<status status="PASS" starttime="20200916 09:44:31.061" endtime="20200916 09:44:31.075"></status>
</kw>
<kw name="End Session" library="base" type="teardown">
<kw name="Close Browser" library="SeleniumLibrary">
<doc>Closes the current browser.</doc>
<status status="PASS" starttime="20200916 09:44:31.077" endtime="20200916 09:44:33.716"></status>
</kw>
<status status="PASS" starttime="20200916 09:44:31.076" endtime="20200916 09:44:33.716"></status>
</kw>
<status status="PASS" starttime="20200916 09:44:25.585" endtime="20200916 09:44:33.718" critical="yes"></status>
</test>
<status status="PASS" starttime="20200916 09:44:25.578" endtime="20200916 09:44:33.728"></status>
</suite>
<status status="PASS" starttime="20200916 09:43:51.679" endtime="20200916 09:44:33.737"></status>
</suite>
<statistics>
<total>
<stat pass="4" fail="0">Critical Tests</stat>
<stat pass="4" fail="0">All Tests</stat>
</total>
<tag>
<stat pass="1" fail="0">black-panther</stat>
<stat pass="1" fail="0">ironman</stat>
</tag>
<suite>
<stat pass="4" fail="0" id="s1" name="Tests">Tests</stat>
<stat pass="3" fail="0" id="s1-s1" name="Checkbox">Tests.Checkbox</stat>
<stat pass="1" fail="0" id="s1-s2" name="Title">Tests.Title</stat>
</suite>
</statistics>
<errors>
</errors>
</robot>
